ISim log file
Running: D:\Computer composition course design\project 6\pipelineplus\wqqe_isim_beh.exe -intstyle ise -gui -tclbatch isim.cmd -wdb D:/Computer composition course design/project 6/pipelineplus/wqqe_isim_beh.wdb 
ISim P.20131013 (signature 0x7708f090)
WARNING: A WEBPACK license was found.
WARNING: Please use Xilinx License Configuration Manager to check out a full ISim license.
WARNING: ISim will run in Lite mode. Please refer to the ISim documentation for more information on the differences between the Lite and the Full version.
This is a Lite version of ISim.
WARNING: File "D:/Computer composition course design/project 6/pipelineplus/mips.v" Line 45.  For instance uut/QNPC/, width 1 of formal port rt is not equal to width 32 of actual signal b2.
Time resolution is 1 ps
# onerror resume
# wave add /
# run 1000 ns
Simulator is doing circuit initialization process.
Finished circuit initialization process.
                 145@00003000: $29 <= 00000000
                 175@00003004: $29 <= 00000100
                 185@00003008: $16 <= 00000000
                 195@0000300c: $ 9 <= abcd0000
                 215@00003010: *00000000 <= abcd0000
                 235@00003014: $16 <= 00000004
                 265@00003020: $ 9 <= efab0000
                 285@00003024: *00000004 <= efab0000
                 305@00003028: $16 <= 00000008
                 315@0000302c: $10 <= 00000001
                 345@00003034: $ 9 <= dcba0000
                 365@00003038: *00000008 <= dcba0000
                 385@0000303c: $16 <= 0000000c
                 415@00003044: $16 <= 00000000
                 445@0000304c: $ 4 <= 00000000
                 455@00003050: $31 <= 00003058
                 475@00003054: $16 <= 00000020
                 495@00003084: *00000110 <= 00000020
                 515@00003088: $16 <= 00000000
                 525@0000308c: $ 8 <= 00001280
                 545@00003090: *00000000 <= 00001280
                 565@00003094: $16 <= 00000004
                 575@00003098: *00000004 <= efab0080
                 615@0000309c: $ 8 <= 00001281
                 635@000030a0: *00000004 <= efab8180
                 675@000030a4: $ 8 <= 00001282
                 695@000030a8: *00000004 <= ef828180
                 735@000030ac: $ 8 <= 00001283
                 755@000030b0: *00000004 <= 83828180
                 795@000030b4: $ 8 <= 00001284
                 805@000030b8: $16 <= 00000008
                 815@000030bc: *00000008 <= 12840000
                 835@000030c0: $16 <= 0000000c
                 845@000030c4: $25 <= 00000000
                 855@000030c8: $ 8 <= ffffff84
                 875@000030cc: *0000000c <= ffffff84
                 895@000030d0: $16 <= 00000020
                 905@000030d4: $29 <= 00000110
                 935@000030d8: $29 <= 00000100
                 935@000030dc: *00000110 <= 00000020
                 955@000030e0: $16 <= 00000000
                 965@000030e4: $ 8 <= ffffffff
                 975@000030e8: $10 <= 00000001
# run 1.00us
                1005@000030ec: $ 9 <= fffffffe
                1015@000030f0: *00000000 <= fffffffe
                1035@000030f4: $16 <= 00000004
                1045@000030f8: $ 9 <= 00000002
                1055@000030fc: *00000004 <= 00000002
                1075@00003100: $16 <= 00000008
                1105@00003104: $16 <= 00000020
                1115@00003108: $29 <= 00000110
                1145@0000310c: $29 <= 00000100
                1145@00003110: *00000110 <= 00000020
                1165@00003114: $16 <= 00000000
                1175@00003118: $ 8 <= ffffffff
                1185@0000311c: $ 9 <= 55550000
                1215@00003120: $ 9 <= 55555555
                1245@00003124: $ 9 <= 55555555
                1265@00003128: *00000000 <= 55555555
                1285@0000312c: $16 <= 00000004
                1295@00003130: $10 <= aaaa0000
                1325@00003134: $10 <= aaaaaaaa
                1355@00003138: $10 <= aaaaaaaa
                1375@0000313c: *00000004 <= aaaaaaaa
                1395@00003140: $16 <= 00000008
                1415@00003144: $ 9 <= 55555555
                1425@00003148: *00000008 <= 55555555
                1445@0000314c: $16 <= 0000000c
                1465@00003150: $ 9 <= ffffaaaa
                1485@00003154: *0000000c <= ffffaaaa
                1505@00003158: $16 <= 00000010
                1515@0000315c: $ 9 <= 55555555
                1525@00003160: *00000010 <= 55555555
                1545@00003164: $16 <= 00000014
                1575@00003168: $16 <= 00000020
                1585@0000316c: $29 <= 00000110
                1615@00003170: $29 <= 00000100
                1615@00003174: *00000110 <= 00000020
                1635@00003178: $16 <= 00000000
                1645@0000317c: $ 8 <= ffffffff
                1675@00003180: $ 9 <= 80000000
                1685@00003184: *00000000 <= 80000000
                1705@00003188: $16 <= 00000004
                1725@0000318c: $10 <= 00000001
                1735@00003190: *00000004 <= 00000001
                1755@00003194: $16 <= 00000008
                1765@00003198: $10 <= ffffffff
                1775@0000319c: *00000008 <= ffffffff
                1795@000031a0: $16 <= 0000000c
                1805@000031a4: $11 <= 00000017
                1815@000031a8: $10 <= 00000100
                1825@000031ac: *0000000c <= 00000100
                1845@000031b0: $16 <= 00000010
                1855@000031b4: $10 <= ffffff00
                1865@000031b8: *00000010 <= ffffff00
                1885@000031bc: $16 <= 00000014
                1915@000031c0: $16 <= 00000020
                1925@000031c4: $29 <= 00000110
                1945@000031c8: $16 <= 32460000
                1975@000031cc: $16 <= 3246ff3a
                1985@000031d0: $17 <= 18890000
# run 1.00us
                2015@000031d4: $17 <= 1889de51
                2025@000031d8: $18 <= 4ad0dd8b
                2035@000031dc: *00000000 <= 4ad0dd8b
                2065@000031e0: *00000004 <= 0000dd8b
                2095@000031e4: *00000008 <= ffffff8b
                2125@000031e8: *0000000c <= 0000018b
                2155@000031ec: *00000010 <= 4ad0dd8b
                2175@000031f0: $16 <= 23450000
                2205@000031f4: $16 <= 23451111
                2215@000031f8: $17 <= 03210000
                2225@000031fc: $18 <= 03216666
                2235@00003200: $19 <= 23440000
                2265@00003204: $19 <= 23446dea
                2275@00003208: $20 <= aed10000
                2295@0000320c: $17 <= dfdcf87c
                2305@00003210: $20 <= e2fe5ee2
                2325@00003214: $23 <= dfdcf87c
                2355@00003218: $19 <= 03216666
                2365@0000321c: $21 <= e2fe5ee2
                2395@00003224: $17 <= 00000000
                2425@00003228: $23 <= 03216666
                2435@0000322c: $21 <= 03216666
                2465@00003234: $17 <= 00000000
                2465@000032c4: *00000064 <= 00000000
                2485@000032c8: $20 <= 0000dd8b
                2495@000032cc: $31 <= 000032d4
                2515@000032d0: $22 <= 032243f1
                2525@000032d8: $18 <= 4ad0dd8b
                2545@000032dc: $18 <= 4ad0dd8b
                2555@000032e0: $20 <= 00000004
                2565@000032e4: $25 <= b52f2279
                2605@000032a0: *0000000c <= 03216666
                2625@000032a4: $17 <= 4ad0dd8b
                2645@000032a8: $14 <= 4ad0dd8a
                2655@000032ac: $18 <= 00000403
                2685@000032b0: $18 <= 4ad0dd8b
                2715@000032b4: $18 <= 00000004
                2745@000032b8: $15 <= 00000004
                2745@000032bc: *00000004 <= 4ad0dd8a
                2765@000032c4: *00000064 <= 00000000
                2785@000032d4: $31 <= 000032dc
                2795@000032d8: $18 <= 4ad0dd8a
                2795@000032f4: *00000008 <= 00000004
                2835@000032f8: $20 <= ffffdd8a
                2855@000032fc: $20 <= 4ad0bb15
                2865@00003300: $20 <= 47af54af
